<?xml version="1.0" encoding="utf-8"?><testsuites name="pytest tests"><testsuite name="pytest" errors="0" failures="0" skipped="0" tests="22" time="4.176" timestamp="2026-05-19T15:36:27.639508+00:00" hostname="agent-env-56a771ce-f026-473b-af59-c4dfe52ef2ad"><testcase classname="backend.tests.test_lumarpa_api.TestHealth" name="test_health" time="0.003" /><testcase classname="backend.tests.test_lumarpa_api.TestBasics" name="test_stats_shape" time="0.001" /><testcase classname="backend.tests.test_lumarpa_api.TestBasics" name="test_status_stopped" time="0.001" /><testcase classname="backend.tests.test_lumarpa_api.TestBasics" name="test_settings_get" time="0.001" /><testcase classname="backend.tests.test_lumarpa_api.TestBasics" name="test_settings_save_and_persist" time="0.002" /><testcase classname="backend.tests.test_lumarpa_api.TestEmails" name="test_import_valid" time="0.001" /><testcase classname="backend.tests.test_lumarpa_api.TestEmails" name="test_import_invalid_empty" time="0.001" /><testcase classname="backend.tests.test_lumarpa_api.TestEmails" name="test_list_emails" time="0.001" /><testcase classname="backend.tests.test_lumarpa_api.TestEmails" name="test_list_emails_filter" time="0.001" /><testcase classname="backend.tests.test_lumarpa_api.TestEmails" name="test_reset_failed" time="0.001" /><testcase classname="backend.tests.test_lumarpa_api.TestEmails" name="test_export_registered" time="0.001" /><testcase classname="backend.tests.test_lumarpa_api.TestProxies" name="test_import_mixed_formats" time="0.001" /><testcase classname="backend.tests.test_lumarpa_api.TestProxies" name="test_import_empty" time="0.001" /><testcase classname="backend.tests.test_lumarpa_api.TestProxies" name="test_list" time="0.001" /><testcase classname="backend.tests.test_lumarpa_api.TestProxies" name="test_reset_failed" time="0.001" /><testcase classname="backend.tests.test_lumarpa_api.TestProxies" name="test_clear_used" time="0.001" /><testcase classname="backend.tests.test_lumarpa_api.TestImapProxies" name="test_import_and_list_and_delete" time="0.003" /><testcase classname="backend.tests.test_lumarpa_api.TestLogs" name="test_logs_get" time="0.001" /><testcase classname="backend.tests.test_lumarpa_api.TestWorker" name="test_start_then_status_error" time="3.509" /><testcase classname="backend.tests.test_lumarpa_api.TestWorker" name="test_stop_when_not_running" time="0.503" /><testcase classname="backend.tests.test_lumarpa_api.TestUI" name="test_index_html_served" time="0.002" /><testcase classname="backend.tests.test_lumarpa_api.TestUI" name="test_spa_fallback" time="0.002" /></testsuite></testsuites>